<?xml version="1.0" encoding="UTF-8"?>
<testsuite xmlns:xsi="http://www.w3.org/2001/XMLSchema-instance" xsi:schemaLocation="https://maven.apache.org/surefire/maven-surefire-plugin/xsd/surefire-test-report.xsd" name="integration.GameTest" time="1.043" tests="54" errors="0" skipped="0" failures="0">
  <properties>
    <property name="java.runtime.name" value="Java(TM) SE Runtime Environment"/>
    <property name="java.vm.version" value="15+36-1562"/>
    <property name="sun.boot.library.path" value="/Library/Java/JavaVirtualMachines/jdk-15.jdk/Contents/Home/lib"/>
    <property name="maven.multiModuleProjectDirectory" value="/Users/thengo/Desktop/4156-PublicAssignment/hw1"/>
    <property name="java.vm.vendor" value="Oracle Corporation"/>
    <property name="java.vendor.url" value="https://java.oracle.com/"/>
    <property name="guice.disable.misplaced.annotation.check" value="true"/>
    <property name="path.separator" value=":"/>
    <property name="java.vm.name" value="Java HotSpot(TM) 64-Bit Server VM"/>
    <property name="user.country" value="US"/>
    <property name="sun.java.launcher" value="SUN_STANDARD"/>
    <property name="java.vm.specification.name" value="Java Virtual Machine Specification"/>
    <property name="user.dir" value="/Users/thengo/Desktop/4156-PublicAssignment/hw1"/>
    <property name="java.vm.compressedOopsMode" value="Zero based"/>
    <property name="java.runtime.version" value="15+36-1562"/>
    <property name="os.arch" value="x86_64"/>
    <property name="java.io.tmpdir" value="/var/folders/cr/mvpl4w1n5lnbcm2fnz1j097h0000gn/T/"/>
    <property name="line.separator" value="&#10;"/>
    <property name="java.vm.specification.vendor" value="Oracle Corporation"/>
    <property name="os.name" value="Mac OS X"/>
    <property name="classworlds.conf" value="/Users/thengo/eclipse-workspace/.metadata/.plugins/org.eclipse.m2e.launching/launches/m2conf8563820843392961699.tmp"/>
    <property name="sun.jnu.encoding" value="UTF-8"/>
    <property name="java.library.path" value="/Users/thengo/Library/Java/Extensions:/Library/Java/Extensions:/Network/Library/Java/Extensions:/System/Library/Java/Extensions:/usr/lib/java:."/>
    <property name="jdk.debug" value="release"/>
    <property name="java.class.version" value="59.0"/>
    <property name="java.specification.name" value="Java Platform API Specification"/>
    <property name="sun.management.compiler" value="HotSpot 64-Bit Tiered Compilers"/>
    <property name="os.version" value="10.15.4"/>
    <property name="http.nonProxyHosts" value="local|*.local|169.254/16|*.169.254/16"/>
    <property name="user.home" value="/Users/thengo"/>
    <property name="user.timezone" value="America/New_York"/>
    <property name="file.encoding" value="UTF-8"/>
    <property name="java.specification.version" value="15"/>
    <property name="user.name" value="thengo"/>
    <property name="java.class.path" value="/Applications/Eclipse.app/Contents/Eclipse/plugins/org.eclipse.m2e.maven.runtime_1.16.0.20200610-1735/jars/plexus-classworlds-2.6.0.jar"/>
    <property name="java.vm.specification.version" value="15"/>
    <property name="sun.arch.data.model" value="64"/>
    <property name="sun.java.command" value="org.codehaus.plexus.classworlds.launcher.Launcher -B test"/>
    <property name="java.home" value="/Library/Java/JavaVirtualMachines/jdk-15.jdk/Contents/Home"/>
    <property name="user.language" value="en"/>
    <property name="java.specification.vendor" value="Oracle Corporation"/>
    <property name="java.vm.info" value="mixed mode, sharing"/>
    <property name="java.version" value="15"/>
    <property name="java.vendor" value="Oracle Corporation"/>
    <property name="maven.home" value="/Users/thengo/Desktop/4156-PublicAssignment/hw1/EMBEDDED"/>
    <property name="file.separator" value="/"/>
    <property name="java.version.date" value="2020-09-15"/>
    <property name="java.vendor.url.bug" value="https://bugreport.java.com/bugreport/"/>
    <property name="sun.io.unicode.encoding" value="UnicodeBig"/>
    <property name="sun.cpu.endian" value="little"/>
    <property name="socksNonProxyHosts" value="local|*.local|169.254/16|*.169.254/16"/>
    <property name="ftp.nonProxyHosts" value="local|*.local|169.254/16|*.169.254/16"/>
  </properties>
  <testcase name="moveBeforeStartGame" classname="integration.GameTest" time="0.396"/>
  <testcase name="newGameTest" classname="integration.GameTest" time="0.01"/>
  <testcase name="startGameTest" classname="integration.GameTest" time="0.008"/>
  <testcase name="joinGameTest" classname="integration.GameTest" time="0.006"/>
  <testcase name="moveAfterStartGame" classname="integration.GameTest" time="0.005"/>
  <testcase name="invalidMoveAfterStartGame" classname="integration.GameTest" time="0.005"/>
  <testcase name="move2AfterStartGame" classname="integration.GameTest" time="0.005"/>
  <testcase name="move3AfterStartGame" classname="integration.GameTest" time="0.005"/>
  <testcase name="move4AfterStartGame" classname="integration.GameTest" time="0.007"/>
  <testcase name="move5AfterStartGame" classname="integration.GameTest" time="0.007"/>
  <testcase name="newGameTest2" classname="integration.GameTest" time="0.006"/>
  <testcase name="startGameTest2" classname="integration.GameTest" time="0.004"/>
  <testcase name="joinGameTest2" classname="integration.GameTest" time="0.007"/>
  <testcase name="moveAfterStartGame2" classname="integration.GameTest" time="0.006"/>
  <testcase name="invalidMoveAfterStartGame2" classname="integration.GameTest" time="0.005"/>
  <testcase name="move2AfterStartGame2" classname="integration.GameTest" time="0.006"/>
  <testcase name="move3AfterStartGame2" classname="integration.GameTest" time="0.006"/>
  <testcase name="move4AfterStartGame2" classname="integration.GameTest" time="0.006"/>
  <testcase name="move5AfterStartGame2" classname="integration.GameTest" time="0.006"/>
  <testcase name="newGameTest3" classname="integration.GameTest" time="0.005"/>
  <testcase name="startGameTest3" classname="integration.GameTest" time="0.004"/>
  <testcase name="joinGameTest3" classname="integration.GameTest" time="0.005"/>
  <testcase name="moveAfterStartGame3" classname="integration.GameTest" time="0.006"/>
  <testcase name="invalidMoveAfterStartGame3" classname="integration.GameTest" time="0.004"/>
  <testcase name="move2AfterStartGame3" classname="integration.GameTest" time="0.005"/>
  <testcase name="move3AfterStartGame3" classname="integration.GameTest" time="0.012"/>
  <testcase name="move4AfterStartGame3" classname="integration.GameTest" time="0.004"/>
  <testcase name="move5AfterStartGame3" classname="integration.GameTest" time="0.004"/>
  <testcase name="move6AfterStartGame3" classname="integration.GameTest" time="0.004"/>
  <testcase name="newGameTest4" classname="integration.GameTest" time="0.004"/>
  <testcase name="startGameTest4" classname="integration.GameTest" time="0.004"/>
  <testcase name="joinGameTest4" classname="integration.GameTest" time="0.005"/>
  <testcase name="moveAfterStartGame4" classname="integration.GameTest" time="0.003"/>
  <testcase name="invalidMoveAfterStartGame4" classname="integration.GameTest" time="0.003"/>
  <testcase name="move2AfterStartGame4" classname="integration.GameTest" time="0.006"/>
  <testcase name="move3AfterStartGame4" classname="integration.GameTest" time="0.006"/>
  <testcase name="move4AfterStartGame4" classname="integration.GameTest" time="0.005"/>
  <testcase name="move5AfterStartGame4" classname="integration.GameTest" time="0.005"/>
  <testcase name="move6AfterStartGame4" classname="integration.GameTest" time="0.004"/>
  <testcase name="newGameTest5" classname="integration.GameTest" time="0.004"/>
  <testcase name="startGameTest5" classname="integration.GameTest" time="0.003"/>
  <testcase name="joinGameTest5" classname="integration.GameTest" time="0.004"/>
  <testcase name="moveAfterStartGame5" classname="integration.GameTest" time="0.004"/>
  <testcase name="invalidMoveAfterStartGame5" classname="integration.GameTest" time="0.004"/>
  <testcase name="move2AfterStartGame5" classname="integration.GameTest" time="0.003"/>
  <testcase name="move3AfterStartGame5" classname="integration.GameTest" time="0.005"/>
  <testcase name="move4AfterStartGame5" classname="integration.GameTest" time="0.004"/>
  <testcase name="move5AfterStartGame5" classname="integration.GameTest" time="0.004"/>
  <testcase name="move6AfterStartGame5" classname="integration.GameTest" time="0.004"/>
  <testcase name="move7AfterStartGame5" classname="integration.GameTest" time="0.004"/>
  <testcase name="move8AfterStartGame5" classname="integration.GameTest" time="0.003"/>
  <testcase name="move9AfterStartGame5" classname="integration.GameTest" time="0.003"/>
  <testcase name="joinGameTestO" classname="integration.GameTest" time="0.005"/>
  <testcase name="joinGameTestX" classname="integration.GameTest" time="0.006"/>
</testsuite>